12-30-2023 21:34:45 - log: Load engine in /Applications/Cocos/Creator/3.8.1/CocosCreator.app/Contents/Resources/resources/3d/engine
12-30-2023 21:34:45 - log: Profile changed: engine (modules.includeModules: 2d,animation,audio,base,dragon-bones,gfx-webgl,gfx-webgl2,intersection-2d,particle-2d,physics-2d-box2d,profiler,spine,tiled-map,tween,ui,video,webview)
12-30-2023 21:34:45 - log: Register native engine in /Applications/Cocos/Creator/3.8.1/CocosCreator.app/Contents/Resources/resources/3d/engine/native
12-30-2023 21:40:31 - log: [im-plugin] Current version is 3.0.10
12-30-2023 21:40:32 - log: [Im-plugin] Check im-plugin version.
12-30-2023 22:13:40 - info: [PreviewInEditor] 预览环境初始化完毕
12-30-2023 22:13:40 - info: [PreviewInEditor] [PHYSICS]: using builtin.
12-30-2023 22:13:41 - log: [PreviewInEditor] Cocos Creator v3.8.1
12-30-2023 22:13:41 - info: [PreviewInEditor] Forward render pipeline initialized.
12-30-2023 22:13:41 - log: [PreviewInEditor] [PHYSICS2D]: switch from box2d-wasm to box2d.
12-30-2023 22:13:47 - info: [PreviewInEditor] 预览环境初始化完毕
12-31-2023 13:08:07 - warn: [Scene] 你是否遗漏了扩展名？请注意你不能在模块说明符中省略扩展名。Error: [Scene] 你是否遗漏了扩展名？请注意你不能在模块说明符中省略扩展名。
    at logger (/Applications/Cocos/Creator/3.8.1/CocosCreator.app/Contents/Resources/app.asar/node_modules/@editor/lib-programming/static/executor/systemjs-bridge/out/index.js:755:13)
    at ExecutorSystem.resolve [as _detailResolve] (/Applications/Cocos/Creator/3.8.1/CocosCreator.app/Contents/Resources/app.asar/node_modules/@editor/lib-programming/static/executor/systemjs-bridge/out/index.js:772:17)
    at ExecutorSystem._resolve (/Applications/Cocos/Creator/3.8.1/CocosCreator.app/Contents/Resources/app.asar/node_modules/@editor/lib-programming/src/editor-systemjs/index.ts:137:14)
    at SystemJS.resolve (/Applications/Cocos/Creator/3.8.1/CocosCreator.app/Contents/Resources/app.asar/node_modules/@editor/lib-programming/src/editor-systemjs/index.ts:36:23)
    at /Applications/Cocos/Creator/3.8.1/CocosCreator.app/Contents/Resources/app.asar/node_modules/@editor/lib-programming/static/executor/systemjs-bridge/out/index.js:355:37
    at Array.map (<anonymous>)
    at /Applications/Cocos/Creator/3.8.1/CocosCreator.app/Contents/Resources/app.asar/node_modules/@editor/lib-programming/static/executor/systemjs-bridge/out/index.js:353:41
12-31-2023 13:08:08 - error: [Scene] {hidden(::SceneExecutorImportExceptionHandler::)} Error: Error: 以 file:///Users/chenchao/code/person/game-upgradation/game-cocos/game-up/assets/iogame/SendMgr.ts 为起点找不到模块 "./pb/req/LoginVerify"
    at rejector (/Applications/Cocos/Creator/3.8.1/CocosCreator.app/Contents/Resources/app.asar/node_modules/@editor/lib-programming/static/executor/systemjs-bridge/out/index.js:759:15)
    at ExecutorSystem.resolve [as _detailResolve] (/Applications/Cocos/Creator/3.8.1/CocosCreator.app/Contents/Resources/app.asar/node_modules/@editor/lib-programming/static/executor/systemjs-bridge/out/index.js:777:13)
    at ExecutorSystem._resolve (/Applications/Cocos/Creator/3.8.1/CocosCreator.app/Contents/Resources/app.asar/node_modules/@editor/lib-programming/src/editor-systemjs/index.ts:137:14)
    at SystemJS.resolve (/Applications/Cocos/Creator/3.8.1/CocosCreator.app/Contents/Resources/app.asar/node_modules/@editor/lib-programming/src/editor-systemjs/index.ts:36:23)
    at /Applications/Cocos/Creator/3.8.1/CocosCreator.app/Contents/Resources/app.asar/node_modules/@editor/lib-programming/static/executor/systemjs-bridge/out/index.js:355:37
    at Array.map (<anonymous>)
    at /Applications/Cocos/Creator/3.8.1/CocosCreator.app/Contents/Resources/app.asar/node_modules/@editor/lib-programming/static/executor/systemjs-bridge/out/index.js:353:41
    at file:///Users/chenchao/code/person/game-upgradation/game-cocos/game-up/temp/programming/packer-driver/targets/editor/chunks/6d/cce:/internal/x/prerequisite-imports:8:13
    at Object.execute (file:///Users/chenchao/code/person/game-upgradation/game-cocos/game-up/temp/programming/packer-driver/targets/editor/chunks/6d/cce:/internal/x/prerequisite-imports:4:1)
    at Executor._importPrerequisiteModules (/Applications/Cocos/Creator/3.8.1/CocosCreator.app/Contents/Resources/app.asar/node_modules/@editor/lib-programming/src/executor/index.ts:311:13)Error: [Scene] {hidden(::SceneExecutorImportExceptionHandler::)} Error: Error: 以 file:///Users/chenchao/code/person/game-upgradation/game-cocos/game-up/assets/iogame/SendMgr.ts 为起点找不到模块 "./pb/req/LoginVerify"
    at SystemJS.resolve (/Applications/Cocos/Creator/3.8.1/CocosCreator.app/Contents/Resources/app.asar/node_modules/@editor/lib-programming/src/editor-systemjs/index.ts:36:23)
    at /Applications/Cocos/Creator/3.8.1/CocosCreator.app/Contents/Resources/app.asar/node_modules/@editor/lib-programming/static/executor/systemjs-bridge/out/index.js:355:37
    at Array.map (<anonymous>)
    at /Applications/Cocos/Creator/3.8.1/CocosCreator.app/Contents/Resources/app.asar/node_modules/@editor/lib-programming/static/executor/systemjs-bridge/out/index.js:353:41
    at file:///Users/chenchao/code/person/game-upgradation/game-cocos/game-up/temp/programming/packer-driver/targets/editor/chunks/6d/cce:/internal/x/prerequisite-imports:8:13
    at Object.execute (file:///Users/chenchao/code/person/game-upgradation/game-cocos/game-up/temp/programming/packer-driver/targets/editor/chunks/6d/cce:/internal/x/prerequisite-imports:4:1)
    at Executor._importPrerequisiteModules (/Applications/Cocos/Creator/3.8.1/CocosCreator.app/Contents/Resources/app.asar/node_modules/@editor/lib-programming/src/executor/index.ts:311:13)
    at Logger._logHandler (/Applications/Cocos/Creator/3.8.1/CocosCreator.app/Contents/Resources/app.asar/builtin/scene/dist/script/3d/manager/startup/log.ccc:1:492)
    at Logger.record (/Applications/Cocos/Creator/3.8.1/CocosCreator.app/Contents/Resources/app.asar/node_modules/@base/electron-logger/lib/renderer.ccc:1:458)
    at console.error (/Applications/Cocos/Creator/3.8.1/CocosCreator.app/Contents/Resources/app.asar/node_modules/@base/electron-logger/lib/renderer.ccc:1:1414)
    at ScriptManager._handleImportException (/Applications/Cocos/Creator/3.8.1/CocosCreator.app/Contents/Resources/app.asar/builtin/scene/dist/script/3d/manager/scripts.ccc:1:5391)
    at Executor.importExceptionHandler [as _importExceptionHandler] (/Applications/Cocos/Creator/3.8.1/CocosCreator.app/Contents/Resources/app.asar/builtin/scene/dist/script/3d/manager/scripts.ccc:1:3485)
    at Executor._onModuleLoaded (/Applications/Cocos/Creator/3.8.1/CocosCreator.app/Contents/Resources/app.asar/node_modules/@editor/lib-programming/src/executor/index.ts:359:22)
    at SystemJS.onload (/Applications/Cocos/Creator/3.8.1/CocosCreator.app/Contents/Resources/app.asar/node_modules/@editor/lib-programming/src/executor/index.ts:87:18)
    at triggerOnload (/Applications/Cocos/Creator/3.8.1/CocosCreator.app/Contents/Resources/app.asar/node_modules/@editor/lib-programming/static/executor/systemjs-bridge/out/index.js:270:10)
    at /Applications/Cocos/Creator/3.8.1/CocosCreator.app/Contents/Resources/app.asar/node_modules/@editor/lib-programming/static/executor/systemjs-bridge/out/index.js:431:7
    at file:///Users/chenchao/code/person/game-upgradation/game-cocos/game-up/temp/programming/packer-driver/targets/editor/chunks/6d/cce:/internal/x/prerequisite-imports:8:13
12-31-2023 13:08:08 - warn: [Scene] 你是否遗漏了扩展名？请注意你不能在模块说明符中省略扩展名。Error: [Scene] 你是否遗漏了扩展名？请注意你不能在模块说明符中省略扩展名。
    at logger (/Applications/Cocos/Creator/3.8.1/CocosCreator.app/Contents/Resources/app.asar/node_modules/@editor/lib-programming/static/executor/systemjs-bridge/out/index.js:755:13)
    at ExecutorSystem.resolve [as _detailResolve] (/Applications/Cocos/Creator/3.8.1/CocosCreator.app/Contents/Resources/app.asar/node_modules/@editor/lib-programming/static/executor/systemjs-bridge/out/index.js:772:17)
    at ExecutorSystem._resolve (/Applications/Cocos/Creator/3.8.1/CocosCreator.app/Contents/Resources/app.asar/node_modules/@editor/lib-programming/src/editor-systemjs/index.ts:137:14)
    at SystemJS.resolve (/Applications/Cocos/Creator/3.8.1/CocosCreator.app/Contents/Resources/app.asar/node_modules/@editor/lib-programming/src/editor-systemjs/index.ts:36:23)
    at /Applications/Cocos/Creator/3.8.1/CocosCreator.app/Contents/Resources/app.asar/node_modules/@editor/lib-programming/static/executor/systemjs-bridge/out/index.js:355:37
    at Array.map (<anonymous>)
    at /Applications/Cocos/Creator/3.8.1/CocosCreator.app/Contents/Resources/app.asar/node_modules/@editor/lib-programming/static/executor/systemjs-bridge/out/index.js:353:41
12-31-2023 13:08:08 - error: [Scene] {hidden(::SceneExecutorImportExceptionHandler::)} Error: Error: 以 file:///Users/chenchao/code/person/game-upgradation/game-cocos/game-up/assets/iogame/SocketClient.ts 为起点找不到模块 "../../data/SysConfig"
    at rejector (/Applications/Cocos/Creator/3.8.1/CocosCreator.app/Contents/Resources/app.asar/node_modules/@editor/lib-programming/static/executor/systemjs-bridge/out/index.js:759:15)
    at ExecutorSystem.resolve [as _detailResolve] (/Applications/Cocos/Creator/3.8.1/CocosCreator.app/Contents/Resources/app.asar/node_modules/@editor/lib-programming/static/executor/systemjs-bridge/out/index.js:777:13)
    at ExecutorSystem._resolve (/Applications/Cocos/Creator/3.8.1/CocosCreator.app/Contents/Resources/app.asar/node_modules/@editor/lib-programming/src/editor-systemjs/index.ts:137:14)
    at SystemJS.resolve (/Applications/Cocos/Creator/3.8.1/CocosCreator.app/Contents/Resources/app.asar/node_modules/@editor/lib-programming/src/editor-systemjs/index.ts:36:23)
    at /Applications/Cocos/Creator/3.8.1/CocosCreator.app/Contents/Resources/app.asar/node_modules/@editor/lib-programming/static/executor/systemjs-bridge/out/index.js:355:37
    at Array.map (<anonymous>)
    at /Applications/Cocos/Creator/3.8.1/CocosCreator.app/Contents/Resources/app.asar/node_modules/@editor/lib-programming/static/executor/systemjs-bridge/out/index.js:353:41
    at file:///Users/chenchao/code/person/game-upgradation/game-cocos/game-up/temp/programming/packer-driver/targets/editor/chunks/6d/cce:/internal/x/prerequisite-imports:8:13
    at Object.execute (file:///Users/chenchao/code/person/game-upgradation/game-cocos/game-up/temp/programming/packer-driver/targets/editor/chunks/6d/cce:/internal/x/prerequisite-imports:4:1)
    at Executor._importPrerequisiteModules (/Applications/Cocos/Creator/3.8.1/CocosCreator.app/Contents/Resources/app.asar/node_modules/@editor/lib-programming/src/executor/index.ts:311:13)Error: [Scene] {hidden(::SceneExecutorImportExceptionHandler::)} Error: Error: 以 file:///Users/chenchao/code/person/game-upgradation/game-cocos/game-up/assets/iogame/SocketClient.ts 为起点找不到模块 "../../data/SysConfig"
    at SystemJS.resolve (/Applications/Cocos/Creator/3.8.1/CocosCreator.app/Contents/Resources/app.asar/node_modules/@editor/lib-programming/src/editor-systemjs/index.ts:36:23)
    at /Applications/Cocos/Creator/3.8.1/CocosCreator.app/Contents/Resources/app.asar/node_modules/@editor/lib-programming/static/executor/systemjs-bridge/out/index.js:355:37
    at Array.map (<anonymous>)
    at /Applications/Cocos/Creator/3.8.1/CocosCreator.app/Contents/Resources/app.asar/node_modules/@editor/lib-programming/static/executor/systemjs-bridge/out/index.js:353:41
    at file:///Users/chenchao/code/person/game-upgradation/game-cocos/game-up/temp/programming/packer-driver/targets/editor/chunks/6d/cce:/internal/x/prerequisite-imports:8:13
    at Object.execute (file:///Users/chenchao/code/person/game-upgradation/game-cocos/game-up/temp/programming/packer-driver/targets/editor/chunks/6d/cce:/internal/x/prerequisite-imports:4:1)
    at Executor._importPrerequisiteModules (/Applications/Cocos/Creator/3.8.1/CocosCreator.app/Contents/Resources/app.asar/node_modules/@editor/lib-programming/src/executor/index.ts:311:13)
    at Logger._logHandler (/Applications/Cocos/Creator/3.8.1/CocosCreator.app/Contents/Resources/app.asar/builtin/scene/dist/script/3d/manager/startup/log.ccc:1:492)
    at Logger.record (/Applications/Cocos/Creator/3.8.1/CocosCreator.app/Contents/Resources/app.asar/node_modules/@base/electron-logger/lib/renderer.ccc:1:458)
    at console.error (/Applications/Cocos/Creator/3.8.1/CocosCreator.app/Contents/Resources/app.asar/node_modules/@base/electron-logger/lib/renderer.ccc:1:1414)
    at ScriptManager._handleImportException (/Applications/Cocos/Creator/3.8.1/CocosCreator.app/Contents/Resources/app.asar/builtin/scene/dist/script/3d/manager/scripts.ccc:1:5391)
    at Executor.importExceptionHandler [as _importExceptionHandler] (/Applications/Cocos/Creator/3.8.1/CocosCreator.app/Contents/Resources/app.asar/builtin/scene/dist/script/3d/manager/scripts.ccc:1:3485)
    at Executor._onModuleLoaded (/Applications/Cocos/Creator/3.8.1/CocosCreator.app/Contents/Resources/app.asar/node_modules/@editor/lib-programming/src/executor/index.ts:359:22)
    at SystemJS.onload (/Applications/Cocos/Creator/3.8.1/CocosCreator.app/Contents/Resources/app.asar/node_modules/@editor/lib-programming/src/executor/index.ts:87:18)
    at triggerOnload (/Applications/Cocos/Creator/3.8.1/CocosCreator.app/Contents/Resources/app.asar/node_modules/@editor/lib-programming/static/executor/systemjs-bridge/out/index.js:270:10)
    at /Applications/Cocos/Creator/3.8.1/CocosCreator.app/Contents/Resources/app.asar/node_modules/@editor/lib-programming/static/executor/systemjs-bridge/out/index.js:431:7
    at file:///Users/chenchao/code/person/game-upgradation/game-cocos/game-up/temp/programming/packer-driver/targets/editor/chunks/6d/cce:/internal/x/prerequisite-imports:8:13
12-31-2023 13:08:09 - warn: [Assets] 你是否遗漏了扩展名？请注意你不能在模块说明符中省略扩展名。[Assets] 你是否遗漏了扩展名？请注意你不能在模块说明符中省略扩展名。  
at Object.warn (/Applications/Cocos/Creator/3.8.1/CocosCreator.app/Contents/Resources/app.asar/builtin/asset-db/dist/worker/console.ccc:1:1530)  
at logger (/Applications/Cocos/Creator/3.8.1/CocosCreator.app/Contents/Resources/app.asar/node_modules/@editor/lib-programming/static/executor/systemjs-bridge/out/index.js:755:13)  
at ExecutorSystem.resolve [as _detailResolve] (/Applications/Cocos/Creator/3.8.1/CocosCreator.app/Contents/Resources/app.asar/node_modules/@editor/lib-programming/static/executor/systemjs-bridge/out/index.js:772:17)  
at ExecutorSystem._resolve (/Applications/Cocos/Creator/3.8.1/CocosCreator.app/Contents/Resources/app.asar/node_modules/@editor/lib-programming/src/editor-systemjs/index.ts:137:14)  
at SystemJS.resolve (/Applications/Cocos/Creator/3.8.1/CocosCreator.app/Contents/Resources/app.asar/node_modules/@editor/lib-programming/src/editor-systemjs/index.ts:36:23)  
at /Applications/Cocos/Creator/3.8.1/CocosCreator.app/Contents/Resources/app.asar/node_modules/@editor/lib-programming/static/executor/systemjs-bridge/out/index.js:355:37
12-31-2023 13:08:09 - warn: [Assets] Error: 以 file:///Users/chenchao/code/person/game-upgradation/game-cocos/game-up/assets/iogame/SendMgr.ts 为起点找不到模块 "./pb/req/LoginVerify"Error: Error: 以 file:///Users/chenchao/code/person/game-upgradation/game-cocos/game-up/assets/iogame/SendMgr.ts 为起点找不到模块 "./pb/req/LoginVerify"
    at rejector (/Applications/Cocos/Creator/3.8.1/CocosCreator.app/Contents/Resources/app.asar/node_modules/@editor/lib-programming/static/executor/systemjs-bridge/out/index.js:759:15)
    at ExecutorSystem.resolve [as _detailResolve] (/Applications/Cocos/Creator/3.8.1/CocosCreator.app/Contents/Resources/app.asar/node_modules/@editor/lib-programming/static/executor/systemjs-bridge/out/index.js:777:13)
    at ExecutorSystem._resolve (/Applications/Cocos/Creator/3.8.1/CocosCreator.app/Contents/Resources/app.asar/node_modules/@editor/lib-programming/src/editor-systemjs/index.ts:137:14)
    at SystemJS.resolve (/Applications/Cocos/Creator/3.8.1/CocosCreator.app/Contents/Resources/app.asar/node_modules/@editor/lib-programming/src/editor-systemjs/index.ts:36:23)
    at /Applications/Cocos/Creator/3.8.1/CocosCreator.app/Contents/Resources/app.asar/node_modules/@editor/lib-programming/static/executor/systemjs-bridge/out/index.js:355:37
    at Array.map (<anonymous>)
    at /Applications/Cocos/Creator/3.8.1/CocosCreator.app/Contents/Resources/app.asar/node_modules/@editor/lib-programming/static/executor/systemjs-bridge/out/index.js:353:41
    at file:///Users/chenchao/code/person/game-upgradation/game-cocos/game-up/temp/programming/packer-driver/targets/editor/chunks/6d/cce:/internal/x/prerequisite-imports:8:13
    at Object.execute (file:///Users/chenchao/code/person/game-upgradation/game-cocos/game-up/temp/programming/packer-driver/targets/editor/chunks/6d/cce:/internal/x/prerequisite-imports:4:1)
    at Executor._importPrerequisiteModules (/Applications/Cocos/Creator/3.8.1/CocosCreator.app/Contents/Resources/app.asar/node_modules/@editor/lib-programming/src/executor/index.ts:311:13)
12-31-2023 13:08:09 - warn: [Assets] 你是否遗漏了扩展名？请注意你不能在模块说明符中省略扩展名。[Assets] 你是否遗漏了扩展名？请注意你不能在模块说明符中省略扩展名。  
at Object.warn (/Applications/Cocos/Creator/3.8.1/CocosCreator.app/Contents/Resources/app.asar/builtin/asset-db/dist/worker/console.ccc:1:1530)  
at logger (/Applications/Cocos/Creator/3.8.1/CocosCreator.app/Contents/Resources/app.asar/node_modules/@editor/lib-programming/static/executor/systemjs-bridge/out/index.js:755:13)  
at ExecutorSystem.resolve [as _detailResolve] (/Applications/Cocos/Creator/3.8.1/CocosCreator.app/Contents/Resources/app.asar/node_modules/@editor/lib-programming/static/executor/systemjs-bridge/out/index.js:772:17)  
at ExecutorSystem._resolve (/Applications/Cocos/Creator/3.8.1/CocosCreator.app/Contents/Resources/app.asar/node_modules/@editor/lib-programming/src/editor-systemjs/index.ts:137:14)  
at SystemJS.resolve (/Applications/Cocos/Creator/3.8.1/CocosCreator.app/Contents/Resources/app.asar/node_modules/@editor/lib-programming/src/editor-systemjs/index.ts:36:23)  
at /Applications/Cocos/Creator/3.8.1/CocosCreator.app/Contents/Resources/app.asar/node_modules/@editor/lib-programming/static/executor/systemjs-bridge/out/index.js:355:37
12-31-2023 13:08:09 - warn: [Assets] Error: 以 file:///Users/chenchao/code/person/game-upgradation/game-cocos/game-up/assets/iogame/SocketClient.ts 为起点找不到模块 "../../data/SysConfig"Error: Error: 以 file:///Users/chenchao/code/person/game-upgradation/game-cocos/game-up/assets/iogame/SocketClient.ts 为起点找不到模块 "../../data/SysConfig"
    at rejector (/Applications/Cocos/Creator/3.8.1/CocosCreator.app/Contents/Resources/app.asar/node_modules/@editor/lib-programming/static/executor/systemjs-bridge/out/index.js:759:15)
    at ExecutorSystem.resolve [as _detailResolve] (/Applications/Cocos/Creator/3.8.1/CocosCreator.app/Contents/Resources/app.asar/node_modules/@editor/lib-programming/static/executor/systemjs-bridge/out/index.js:777:13)
    at ExecutorSystem._resolve (/Applications/Cocos/Creator/3.8.1/CocosCreator.app/Contents/Resources/app.asar/node_modules/@editor/lib-programming/src/editor-systemjs/index.ts:137:14)
    at SystemJS.resolve (/Applications/Cocos/Creator/3.8.1/CocosCreator.app/Contents/Resources/app.asar/node_modules/@editor/lib-programming/src/editor-systemjs/index.ts:36:23)
    at /Applications/Cocos/Creator/3.8.1/CocosCreator.app/Contents/Resources/app.asar/node_modules/@editor/lib-programming/static/executor/systemjs-bridge/out/index.js:355:37
    at Array.map (<anonymous>)
    at /Applications/Cocos/Creator/3.8.1/CocosCreator.app/Contents/Resources/app.asar/node_modules/@editor/lib-programming/static/executor/systemjs-bridge/out/index.js:353:41
    at file:///Users/chenchao/code/person/game-upgradation/game-cocos/game-up/temp/programming/packer-driver/targets/editor/chunks/6d/cce:/internal/x/prerequisite-imports:8:13
    at Object.execute (file:///Users/chenchao/code/person/game-upgradation/game-cocos/game-up/temp/programming/packer-driver/targets/editor/chunks/6d/cce:/internal/x/prerequisite-imports:4:1)
    at Executor._importPrerequisiteModules (/Applications/Cocos/Creator/3.8.1/CocosCreator.app/Contents/Resources/app.asar/node_modules/@editor/lib-programming/src/executor/index.ts:311:13)
12-31-2023 13:18:51 - error: [Browser Preview]Error: 以 file:///Users/chenchao/code/person/game-upgradation/game-cocos/game-up/assets/iogame/SendMgr.ts 为起点找不到模块 "./pb/req/LoginVerify"
12-31-2023 13:18:51 - error: [Browser Preview]Error: 以 file:///Users/chenchao/code/person/game-upgradation/game-cocos/game-up/assets/iogame/SocketClient.ts 为起点找不到模块 "../../data/SysConfig"
12-31-2023 13:36:23 - error: [Assets] ENOENT: no such file or directory, stat '/Users/chenchao/code/person/game-upgradation/game-cocos/game-up/assets/iogame/pb/user.meta'Error: ENOENT: no such file or directory, stat '/Users/chenchao/code/person/game-upgradation/game-cocos/game-up/assets/iogame/pb/user.meta'
12-31-2023 13:36:55 - error: [Assets] ENOENT: no such file or directory, stat '/Users/chenchao/code/person/game-upgradation/game-cocos/game-up/assets/iogame/pb/user.meta'Error: ENOENT: no such file or directory, stat '/Users/chenchao/code/person/game-upgradation/game-cocos/game-up/assets/iogame/pb/user.meta'
12-31-2023 14:03:28 - error: [Assets] ENOENT: no such file or directory, stat '/Users/chenchao/code/person/game-upgradation/game-cocos/game-up/assets/iogame/pb/user.meta'Error: ENOENT: no such file or directory, stat '/Users/chenchao/code/person/game-upgradation/game-cocos/game-up/assets/iogame/pb/user.meta'
12-31-2023 14:03:28 - warn: [Scene] 你是否遗漏了扩展名？请注意你不能在模块说明符中省略扩展名。Error: [Scene] 你是否遗漏了扩展名？请注意你不能在模块说明符中省略扩展名。
    at logger (/Applications/Cocos/Creator/3.8.1/CocosCreator.app/Contents/Resources/app.asar/node_modules/@editor/lib-programming/static/executor/systemjs-bridge/out/index.js:755:13)
    at ExecutorSystem.resolve [as _detailResolve] (/Applications/Cocos/Creator/3.8.1/CocosCreator.app/Contents/Resources/app.asar/node_modules/@editor/lib-programming/static/executor/systemjs-bridge/out/index.js:772:17)
    at ExecutorSystem._resolve (/Applications/Cocos/Creator/3.8.1/CocosCreator.app/Contents/Resources/app.asar/node_modules/@editor/lib-programming/src/editor-systemjs/index.ts:137:14)
    at SystemJS.resolve (/Applications/Cocos/Creator/3.8.1/CocosCreator.app/Contents/Resources/app.asar/node_modules/@editor/lib-programming/src/editor-systemjs/index.ts:36:23)
    at /Applications/Cocos/Creator/3.8.1/CocosCreator.app/Contents/Resources/app.asar/node_modules/@editor/lib-programming/static/executor/systemjs-bridge/out/index.js:355:37
    at Array.map (<anonymous>)
    at /Applications/Cocos/Creator/3.8.1/CocosCreator.app/Contents/Resources/app.asar/node_modules/@editor/lib-programming/static/executor/systemjs-bridge/out/index.js:353:41
12-31-2023 14:03:28 - error: [Scene] {hidden(::SceneExecutorImportExceptionHandler::)} Error: Error: 以 file:///Users/chenchao/code/person/game-upgradation/game-cocos/game-up/assets/iogame/SocketClient.ts 为起点找不到模块 "../../data/SysConfig"
    at rejector (/Applications/Cocos/Creator/3.8.1/CocosCreator.app/Contents/Resources/app.asar/node_modules/@editor/lib-programming/static/executor/systemjs-bridge/out/index.js:759:15)
    at ExecutorSystem.resolve [as _detailResolve] (/Applications/Cocos/Creator/3.8.1/CocosCreator.app/Contents/Resources/app.asar/node_modules/@editor/lib-programming/static/executor/systemjs-bridge/out/index.js:777:13)
    at ExecutorSystem._resolve (/Applications/Cocos/Creator/3.8.1/CocosCreator.app/Contents/Resources/app.asar/node_modules/@editor/lib-programming/src/editor-systemjs/index.ts:137:14)
    at SystemJS.resolve (/Applications/Cocos/Creator/3.8.1/CocosCreator.app/Contents/Resources/app.asar/node_modules/@editor/lib-programming/src/editor-systemjs/index.ts:36:23)
    at /Applications/Cocos/Creator/3.8.1/CocosCreator.app/Contents/Resources/app.asar/node_modules/@editor/lib-programming/static/executor/systemjs-bridge/out/index.js:355:37
    at Array.map (<anonymous>)
    at /Applications/Cocos/Creator/3.8.1/CocosCreator.app/Contents/Resources/app.asar/node_modules/@editor/lib-programming/static/executor/systemjs-bridge/out/index.js:353:41Error: [Scene] {hidden(::SceneExecutorImportExceptionHandler::)} Error: Error: 以 file:///Users/chenchao/code/person/game-upgradation/game-cocos/game-up/assets/iogame/SocketClient.ts 为起点找不到模块 "../../data/SysConfig"
    at SystemJS.resolve (/Applications/Cocos/Creator/3.8.1/CocosCreator.app/Contents/Resources/app.asar/node_modules/@editor/lib-programming/src/editor-systemjs/index.ts:36:23)
    at /Applications/Cocos/Creator/3.8.1/CocosCreator.app/Contents/Resources/app.asar/node_modules/@editor/lib-programming/static/executor/systemjs-bridge/out/index.js:355:37
    at Array.map (<anonymous>)
    at /Applications/Cocos/Creator/3.8.1/CocosCreator.app/Contents/Resources/app.asar/node_modules/@editor/lib-programming/static/executor/systemjs-bridge/out/index.js:353:41
    at Logger._logHandler (/Applications/Cocos/Creator/3.8.1/CocosCreator.app/Contents/Resources/app.asar/builtin/scene/dist/script/3d/manager/startup/log.ccc:1:492)
    at Logger.record (/Applications/Cocos/Creator/3.8.1/CocosCreator.app/Contents/Resources/app.asar/node_modules/@base/electron-logger/lib/renderer.ccc:1:458)
    at console.error (/Applications/Cocos/Creator/3.8.1/CocosCreator.app/Contents/Resources/app.asar/node_modules/@base/electron-logger/lib/renderer.ccc:1:1414)
    at ScriptManager._handleImportException (/Applications/Cocos/Creator/3.8.1/CocosCreator.app/Contents/Resources/app.asar/builtin/scene/dist/script/3d/manager/scripts.ccc:1:5391)
    at Executor.importExceptionHandler [as _importExceptionHandler] (/Applications/Cocos/Creator/3.8.1/CocosCreator.app/Contents/Resources/app.asar/builtin/scene/dist/script/3d/manager/scripts.ccc:1:3485)
    at Executor._onModuleLoaded (/Applications/Cocos/Creator/3.8.1/CocosCreator.app/Contents/Resources/app.asar/node_modules/@editor/lib-programming/src/executor/index.ts:359:22)
    at SystemJS.onload (/Applications/Cocos/Creator/3.8.1/CocosCreator.app/Contents/Resources/app.asar/node_modules/@editor/lib-programming/src/executor/index.ts:87:18)
    at triggerOnload (/Applications/Cocos/Creator/3.8.1/CocosCreator.app/Contents/Resources/app.asar/node_modules/@editor/lib-programming/static/executor/systemjs-bridge/out/index.js:270:10)
    at /Applications/Cocos/Creator/3.8.1/CocosCreator.app/Contents/Resources/app.asar/node_modules/@editor/lib-programming/static/executor/systemjs-bridge/out/index.js:431:7
    at async Promise.all (index 4)
12-31-2023 14:12:05 - error: [Assets] ENOENT: no such file or directory, stat '/Users/chenchao/code/person/game-upgradation/game-cocos/game-up/assets/iogame/pb/user.meta'Error: ENOENT: no such file or directory, stat '/Users/chenchao/code/person/game-upgradation/game-cocos/game-up/assets/iogame/pb/user.meta'
12-31-2023 14:13:21 - error: [Assets] ENOENT: no such file or directory, stat '/Users/chenchao/code/person/game-upgradation/game-cocos/game-up/assets/iogame/pb/user.meta'Error: ENOENT: no such file or directory, stat '/Users/chenchao/code/person/game-upgradation/game-cocos/game-up/assets/iogame/pb/user.meta'
12-31-2023 14:15:33 - error: [Assets] ENOENT: no such file or directory, stat '/Users/chenchao/code/person/game-upgradation/game-cocos/game-up/assets/iogame/pb/user.meta'Error: ENOENT: no such file or directory, stat '/Users/chenchao/code/person/game-upgradation/game-cocos/game-up/assets/iogame/pb/user.meta'
12-31-2023 14:15:48 - error: [Assets] ENOENT: no such file or directory, stat '/Users/chenchao/code/person/game-upgradation/game-cocos/game-up/assets/iogame/pb/user.meta'Error: ENOENT: no such file or directory, stat '/Users/chenchao/code/person/game-upgradation/game-cocos/game-up/assets/iogame/pb/user.meta'
12-31-2023 14:21:47 - error: [Assets] ENOENT: no such file or directory, stat '/Users/chenchao/code/person/game-upgradation/game-cocos/game-up/assets/iogame/pb/user.meta'Error: ENOENT: no such file or directory, stat '/Users/chenchao/code/person/game-upgradation/game-cocos/game-up/assets/iogame/pb/user.meta'
12-31-2023 14:24:16 - error: [Assets] ENOENT: no such file or directory, stat '/Users/chenchao/code/person/game-upgradation/game-cocos/game-up/assets/iogame/pb/user.meta'Error: ENOENT: no such file or directory, stat '/Users/chenchao/code/person/game-upgradation/game-cocos/game-up/assets/iogame/pb/user.meta'
12-31-2023 14:24:18 - error: [Assets] ENOENT: no such file or directory, stat '/Users/chenchao/code/person/game-upgradation/game-cocos/game-up/assets/iogame/pb/user.meta'Error: ENOENT: no such file or directory, stat '/Users/chenchao/code/person/game-upgradation/game-cocos/game-up/assets/iogame/pb/user.meta'
12-31-2023 14:35:18 - error: [Assets] ENOENT: no such file or directory, stat '/Users/chenchao/code/person/game-upgradation/game-cocos/game-up/assets/iogame/pb/user.meta'Error: ENOENT: no such file or directory, stat '/Users/chenchao/code/person/game-upgradation/game-cocos/game-up/assets/iogame/pb/user.meta'
12-31-2023 14:36:19 - error: [Assets] ENOENT: no such file or directory, stat '/Users/chenchao/code/person/game-upgradation/game-cocos/game-up/assets/iogame/pb/user.meta'Error: ENOENT: no such file or directory, stat '/Users/chenchao/code/person/game-upgradation/game-cocos/game-up/assets/iogame/pb/user.meta'
12-31-2023 14:36:31 - error: [Assets] ENOENT: no such file or directory, stat '/Users/chenchao/code/person/game-upgradation/game-cocos/game-up/assets/iogame/pb/user.meta'Error: ENOENT: no such file or directory, stat '/Users/chenchao/code/person/game-upgradation/game-cocos/game-up/assets/iogame/pb/user.meta'
12-31-2023 14:36:46 - error: [Assets] ENOENT: no such file or directory, stat '/Users/chenchao/code/person/game-upgradation/game-cocos/game-up/assets/iogame/pb/user.meta'Error: ENOENT: no such file or directory, stat '/Users/chenchao/code/person/game-upgradation/game-cocos/game-up/assets/iogame/pb/user.meta'
12-31-2023 14:40:07 - error: [Assets] ENOENT: no such file or directory, stat '/Users/chenchao/code/person/game-upgradation/game-cocos/game-up/assets/iogame/pb/user.meta'Error: ENOENT: no such file or directory, stat '/Users/chenchao/code/person/game-upgradation/game-cocos/game-up/assets/iogame/pb/user.meta'
12-31-2023 14:40:52 - error: [Assets] ENOENT: no such file or directory, stat '/Users/chenchao/code/person/game-upgradation/game-cocos/game-up/assets/iogame/pb/user.meta'Error: ENOENT: no such file or directory, stat '/Users/chenchao/code/person/game-upgradation/game-cocos/game-up/assets/iogame/pb/user.meta'
12-31-2023 14:41:21 - error: [Assets] ENOENT: no such file or directory, stat '/Users/chenchao/code/person/game-upgradation/game-cocos/game-up/assets/iogame/pb/user.meta'Error: ENOENT: no such file or directory, stat '/Users/chenchao/code/person/game-upgradation/game-cocos/game-up/assets/iogame/pb/user.meta'
12-31-2023 14:42:46 - error: [Assets] ENOENT: no such file or directory, stat '/Users/chenchao/code/person/game-upgradation/game-cocos/game-up/assets/iogame/pb/user.meta'Error: ENOENT: no such file or directory, stat '/Users/chenchao/code/person/game-upgradation/game-cocos/game-up/assets/iogame/pb/user.meta'
12-31-2023 14:43:53 - error: [Assets] ENOENT: no such file or directory, stat '/Users/chenchao/code/person/game-upgradation/game-cocos/game-up/assets/iogame/pb/user.meta'Error: ENOENT: no such file or directory, stat '/Users/chenchao/code/person/game-upgradation/game-cocos/game-up/assets/iogame/pb/user.meta'
12-31-2023 14:45:15 - error: [Assets] ENOENT: no such file or directory, stat '/Users/chenchao/code/person/game-upgradation/game-cocos/game-up/assets/iogame/pb/user.meta'Error: ENOENT: no such file or directory, stat '/Users/chenchao/code/person/game-upgradation/game-cocos/game-up/assets/iogame/pb/user.meta'
12-31-2023 14:45:32 - error: [Assets] ENOENT: no such file or directory, stat '/Users/chenchao/code/person/game-upgradation/game-cocos/game-up/assets/iogame/pb/user.meta'Error: ENOENT: no such file or directory, stat '/Users/chenchao/code/person/game-upgradation/game-cocos/game-up/assets/iogame/pb/user.meta'
12-31-2023 14:50:30 - error: [Assets] ENOENT: no such file or directory, stat '/Users/chenchao/code/person/game-upgradation/game-cocos/game-up/assets/iogame/pb/user.meta'Error: ENOENT: no such file or directory, stat '/Users/chenchao/code/person/game-upgradation/game-cocos/game-up/assets/iogame/pb/user.meta'
12-31-2023 14:50:46 - error: [Assets] ENOENT: no such file or directory, stat '/Users/chenchao/code/person/game-upgradation/game-cocos/game-up/assets/iogame/pb/user.meta'Error: ENOENT: no such file or directory, stat '/Users/chenchao/code/person/game-upgradation/game-cocos/game-up/assets/iogame/pb/user.meta'
12-31-2023 14:52:11 - error: [Assets] ENOENT: no such file or directory, stat '/Users/chenchao/code/person/game-upgradation/game-cocos/game-up/assets/iogame/pb/user.meta'Error: ENOENT: no such file or directory, stat '/Users/chenchao/code/person/game-upgradation/game-cocos/game-up/assets/iogame/pb/user.meta'
12-31-2023 14:52:30 - error: [Assets] ENOENT: no such file or directory, stat '/Users/chenchao/code/person/game-upgradation/game-cocos/game-up/assets/iogame/pb/user.meta'Error: ENOENT: no such file or directory, stat '/Users/chenchao/code/person/game-upgradation/game-cocos/game-up/assets/iogame/pb/user.meta'
12-31-2023 15:00:44 - error: [Assets] ENOENT: no such file or directory, stat '/Users/chenchao/code/person/game-upgradation/game-cocos/game-up/assets/iogame/pb/user.meta'Error: ENOENT: no such file or directory, stat '/Users/chenchao/code/person/game-upgradation/game-cocos/game-up/assets/iogame/pb/user.meta'
12-31-2023 15:01:46 - error: [Browser Preview]Cannot read properties of undefined (reading 'length')/nTypeError: Cannot read properties of undefined (reading 'length')
    at wrapByteBuffer (http://localhost:7456/scripting/x/chunks/f7/f78a9c4ac9b4e57cc84f37d1f943592c121b69c2.js:344:20)
    at decodeLoginRsp (http://localhost:7456/scripting/x/chunks/f7/f78a9c4ac9b4e57cc84f37d1f943592c121b69c2.js:87:28)
    at LoginVerifyHandler.execute (http://localhost:7456/scripting/x/chunks/75/75b768181a077c268a324a87033e54e19bdfacc4.js:39:48)
    at HandleMgr.packageHandler (http://localhost:7456/scripting/x/chunks/e5/e5c0be38cfe39480f72cd539b17feca3b3abcc75.js:49:32)
    at SocketClient.onmessage (http://localhost:7456/scripting/x/chunks/6c/6c72818b0486f28ad7f086421aff70a6fa16ab44.js:180:39)
12-31-2023 15:08:56 - error: [Assets] ENOENT: no such file or directory, stat '/Users/chenchao/code/person/game-upgradation/game-cocos/game-up/assets/iogame/pb/user.meta'Error: ENOENT: no such file or directory, stat '/Users/chenchao/code/person/game-upgradation/game-cocos/game-up/assets/iogame/pb/user.meta'
12-31-2023 15:09:02 - error: [Browser Preview]Cannot read properties of undefined (reading 'length')/nTypeError: Cannot read properties of undefined (reading 'length')
    at wrapByteBuffer (http://localhost:7456/scripting/x/chunks/f7/f78a9c4ac9b4e57cc84f37d1f943592c121b69c2.js:344:20)
    at decodeLoginRsp (http://localhost:7456/scripting/x/chunks/f7/f78a9c4ac9b4e57cc84f37d1f943592c121b69c2.js:87:28)
    at LoginVerifyHandler.execute (http://localhost:7456/scripting/x/chunks/75/75b768181a077c268a324a87033e54e19bdfacc4.js:39:48)
    at HandleMgr.packageHandler (http://localhost:7456/scripting/x/chunks/e5/e5c0be38cfe39480f72cd539b17feca3b3abcc75.js:49:32)
    at SocketClient.onmessage (http://localhost:7456/scripting/x/chunks/6c/6c72818b0486f28ad7f086421aff70a6fa16ab44.js:180:39)
12-31-2023 15:09:02 - error: [Browser Preview]Cannot read properties of undefined (reading 'length')/nTypeError: Cannot read properties of undefined (reading 'length')
    at wrapByteBuffer (http://localhost:7456/scripting/x/chunks/f7/f78a9c4ac9b4e57cc84f37d1f943592c121b69c2.js:344:20)
    at decodeLoginRsp (http://localhost:7456/scripting/x/chunks/f7/f78a9c4ac9b4e57cc84f37d1f943592c121b69c2.js:87:28)
    at LoginVerifyHandler.execute (http://localhost:7456/scripting/x/chunks/75/75b768181a077c268a324a87033e54e19bdfacc4.js:39:48)
    at HandleMgr.packageHandler (http://localhost:7456/scripting/x/chunks/e5/e5c0be38cfe39480f72cd539b17feca3b3abcc75.js:49:32)
    at SocketClient.onmessage (http://localhost:7456/scripting/x/chunks/6c/6c72818b0486f28ad7f086421aff70a6fa16ab44.js:180:39)
12-31-2023 15:09:08 - error: [Assets] ENOENT: no such file or directory, stat '/Users/chenchao/code/person/game-upgradation/game-cocos/game-up/assets/iogame/pb/user.meta'Error: ENOENT: no such file or directory, stat '/Users/chenchao/code/person/game-upgradation/game-cocos/game-up/assets/iogame/pb/user.meta'
12-31-2023 15:10:44 - error: [Browser Preview]Cannot read properties of undefined (reading 'length')/nTypeError: Cannot read properties of undefined (reading 'length')
    at wrapByteBuffer (http://localhost:7456/scripting/x/chunks/f7/f78a9c4ac9b4e57cc84f37d1f943592c121b69c2.js:344:20)
    at decodeLoginRsp (http://localhost:7456/scripting/x/chunks/f7/f78a9c4ac9b4e57cc84f37d1f943592c121b69c2.js:87:28)
    at LoginVerifyHandler.execute (http://localhost:7456/scripting/x/chunks/75/75b768181a077c268a324a87033e54e19bdfacc4.js:39:48)
    at HandleMgr.packageHandler (http://localhost:7456/scripting/x/chunks/e5/e5c0be38cfe39480f72cd539b17feca3b3abcc75.js:49:32)
    at SocketClient.onmessage (http://localhost:7456/scripting/x/chunks/6c/6c72818b0486f28ad7f086421aff70a6fa16ab44.js:180:39)
12-31-2023 15:13:02 - error: [Assets] ENOENT: no such file or directory, stat '/Users/chenchao/code/person/game-upgradation/game-cocos/game-up/assets/iogame/pb/user.meta'Error: ENOENT: no such file or directory, stat '/Users/chenchao/code/person/game-upgradation/game-cocos/game-up/assets/iogame/pb/user.meta'
12-31-2023 15:13:16 - error: [Browser Preview]Cannot read properties of undefined (reading 'length')/nTypeError: Cannot read properties of undefined (reading 'length')
    at wrapByteBuffer (http://localhost:7456/scripting/x/chunks/f7/f78a9c4ac9b4e57cc84f37d1f943592c121b69c2.js:344:20)
    at decodeLoginRsp (http://localhost:7456/scripting/x/chunks/f7/f78a9c4ac9b4e57cc84f37d1f943592c121b69c2.js:87:28)
    at LoginVerifyHandler.execute (http://localhost:7456/scripting/x/chunks/75/75b768181a077c268a324a87033e54e19bdfacc4.js:39:48)
    at HandleMgr.packageHandler (http://localhost:7456/scripting/x/chunks/e5/e5c0be38cfe39480f72cd539b17feca3b3abcc75.js:49:32)
    at SocketClient.onmessage (http://localhost:7456/scripting/x/chunks/6c/6c72818b0486f28ad7f086421aff70a6fa16ab44.js:180:39)
12-31-2023 15:13:25 - error: [Assets] ENOENT: no such file or directory, stat '/Users/chenchao/code/person/game-upgradation/game-cocos/game-up/assets/iogame/pb/user.meta'Error: ENOENT: no such file or directory, stat '/Users/chenchao/code/person/game-upgradation/game-cocos/game-up/assets/iogame/pb/user.meta'
12-31-2023 15:14:18 - error: [Assets] ENOENT: no such file or directory, stat '/Users/chenchao/code/person/game-upgradation/game-cocos/game-up/assets/iogame/pb/user.meta'Error: ENOENT: no such file or directory, stat '/Users/chenchao/code/person/game-upgradation/game-cocos/game-up/assets/iogame/pb/user.meta'
12-31-2023 15:14:35 - error: [Browser Preview]Cannot read properties of undefined (reading 'length')/nTypeError: Cannot read properties of undefined (reading 'length')
    at wrapByteBuffer (http://localhost:7456/scripting/x/chunks/f7/f78a9c4ac9b4e57cc84f37d1f943592c121b69c2.js:344:20)
    at decodeLoginRsp (http://localhost:7456/scripting/x/chunks/f7/f78a9c4ac9b4e57cc84f37d1f943592c121b69c2.js:87:28)
    at LoginVerifyHandler.execute (http://localhost:7456/scripting/x/chunks/75/75b768181a077c268a324a87033e54e19bdfacc4.js:39:48)
    at HandleMgr.packageHandler (http://localhost:7456/scripting/x/chunks/e5/e5c0be38cfe39480f72cd539b17feca3b3abcc75.js:49:32)
    at SocketClient.onmessage (http://localhost:7456/scripting/x/chunks/6c/6c72818b0486f28ad7f086421aff70a6fa16ab44.js:183:39)
12-31-2023 15:16:35 - error: [Assets] ENOENT: no such file or directory, stat '/Users/chenchao/code/person/game-upgradation/game-cocos/game-up/assets/iogame/pb/user.meta'Error: ENOENT: no such file or directory, stat '/Users/chenchao/code/person/game-upgradation/game-cocos/game-up/assets/iogame/pb/user.meta'
12-31-2023 15:16:37 - warn: 为更好地打开脚本，请在 偏好设置 -> 外部程序 -> 默认脚本编辑器 里配置打开脚本的应用程序
12-31-2023 15:16:52 - error: [Assets] ENOENT: no such file or directory, stat '/Users/chenchao/code/person/game-upgradation/game-cocos/game-up/assets/iogame/pb/user.meta'Error: ENOENT: no such file or directory, stat '/Users/chenchao/code/person/game-upgradation/game-cocos/game-up/assets/iogame/pb/user.meta'
12-31-2023 15:17:01 - error: [Browser Preview]Cannot read properties of undefined (reading 'length')/nTypeError: Cannot read properties of undefined (reading 'length')
    at wrapByteBuffer (http://localhost:7456/scripting/x/chunks/f7/f78a9c4ac9b4e57cc84f37d1f943592c121b69c2.js:344:20)
    at decodeLoginRsp (http://localhost:7456/scripting/x/chunks/f7/f78a9c4ac9b4e57cc84f37d1f943592c121b69c2.js:87:28)
    at LoginVerifyHandler.execute (http://localhost:7456/scripting/x/chunks/75/75b768181a077c268a324a87033e54e19bdfacc4.js:39:48)
    at HandleMgr.packageHandler (http://localhost:7456/scripting/x/chunks/e5/e5c0be38cfe39480f72cd539b17feca3b3abcc75.js:49:32)
    at SocketClient.onmessage (http://localhost:7456/scripting/x/chunks/6c/6c72818b0486f28ad7f086421aff70a6fa16ab44.js:186:39)
12-31-2023 15:17:19 - error: [Assets] ENOENT: no such file or directory, stat '/Users/chenchao/code/person/game-upgradation/game-cocos/game-up/assets/iogame/pb/user.meta'Error: ENOENT: no such file or directory, stat '/Users/chenchao/code/person/game-upgradation/game-cocos/game-up/assets/iogame/pb/user.meta'
12-31-2023 15:19:07 - error: [Assets] ENOENT: no such file or directory, stat '/Users/chenchao/code/person/game-upgradation/game-cocos/game-up/assets/iogame/pb/user.meta'Error: ENOENT: no such file or directory, stat '/Users/chenchao/code/person/game-upgradation/game-cocos/game-up/assets/iogame/pb/user.meta'
12-31-2023 15:34:00 - error: [Assets] ENOENT: no such file or directory, stat '/Users/chenchao/code/person/game-upgradation/game-cocos/game-up/assets/iogame/pb/user.meta'Error: ENOENT: no such file or directory, stat '/Users/chenchao/code/person/game-upgradation/game-cocos/game-up/assets/iogame/pb/user.meta'
12-31-2023 15:45:20 - error: [Assets] ENOENT: no such file or directory, stat '/Users/chenchao/code/person/game-upgradation/game-cocos/game-up/assets/iogame/pb/user.meta'Error: ENOENT: no such file or directory, stat '/Users/chenchao/code/person/game-upgradation/game-cocos/game-up/assets/iogame/pb/user.meta'
12-31-2023 15:46:06 - error: [Assets] ENOENT: no such file or directory, stat '/Users/chenchao/code/person/game-upgradation/game-cocos/game-up/assets/iogame/pb/user.meta'Error: ENOENT: no such file or directory, stat '/Users/chenchao/code/person/game-upgradation/game-cocos/game-up/assets/iogame/pb/user.meta'
12-31-2023 15:46:55 - error: [Assets] ENOENT: no such file or directory, stat '/Users/chenchao/code/person/game-upgradation/game-cocos/game-up/assets/iogame/pb/user.meta'Error: ENOENT: no such file or directory, stat '/Users/chenchao/code/person/game-upgradation/game-cocos/game-up/assets/iogame/pb/user.meta'
12-31-2023 15:46:58 - warn: 为更好地打开脚本，请在 偏好设置 -> 外部程序 -> 默认脚本编辑器 里配置打开脚本的应用程序
12-31-2023 15:47:01 - error: [Assets] ENOENT: no such file or directory, stat '/Users/chenchao/code/person/game-upgradation/game-cocos/game-up/assets/iogame/pb/user.meta'Error: ENOENT: no such file or directory, stat '/Users/chenchao/code/person/game-upgradation/game-cocos/game-up/assets/iogame/pb/user.meta'
12-31-2023 15:52:33 - error: [Assets] ENOENT: no such file or directory, stat '/Users/chenchao/code/person/game-upgradation/game-cocos/game-up/assets/iogame/pb/user.meta'Error: ENOENT: no such file or directory, stat '/Users/chenchao/code/person/game-upgradation/game-cocos/game-up/assets/iogame/pb/user.meta'
12-31-2023 15:52:43 - error: [Assets] ENOENT: no such file or directory, stat '/Users/chenchao/code/person/game-upgradation/game-cocos/game-up/assets/iogame/pb/user.meta'Error: ENOENT: no such file or directory, stat '/Users/chenchao/code/person/game-upgradation/game-cocos/game-up/assets/iogame/pb/user.meta'
12-31-2023 16:12:26 - error: [Assets] ENOENT: no such file or directory, stat '/Users/chenchao/code/person/game-upgradation/game-cocos/game-up/assets/iogame/pb/user.meta'Error: ENOENT: no such file or directory, stat '/Users/chenchao/code/person/game-upgradation/game-cocos/game-up/assets/iogame/pb/user.meta'
12-31-2023 16:25:13 - error: [Assets] ENOENT: no such file or directory, stat '/Users/chenchao/code/person/game-upgradation/game-cocos/game-up/assets/iogame/pb/user.meta'Error: ENOENT: no such file or directory, stat '/Users/chenchao/code/person/game-upgradation/game-cocos/game-up/assets/iogame/pb/user.meta'
12-31-2023 16:25:19 - error: [Assets] ENOENT: no such file or directory, stat '/Users/chenchao/code/person/game-upgradation/game-cocos/game-up/assets/iogame/pb/user.meta'Error: ENOENT: no such file or directory, stat '/Users/chenchao/code/person/game-upgradation/game-cocos/game-up/assets/iogame/pb/user.meta'
12-31-2023 16:30:34 - error: [Assets] ENOENT: no such file or directory, stat '/Users/chenchao/code/person/game-upgradation/game-cocos/game-up/assets/iogame/pb/user.meta'Error: ENOENT: no such file or directory, stat '/Users/chenchao/code/person/game-upgradation/game-cocos/game-up/assets/iogame/pb/user.meta'
12-31-2023 16:31:17 - error: [Assets] ENOENT: no such file or directory, stat '/Users/chenchao/code/person/game-upgradation/game-cocos/game-up/assets/iogame/pb/user.meta'Error: ENOENT: no such file or directory, stat '/Users/chenchao/code/person/game-upgradation/game-cocos/game-up/assets/iogame/pb/user.meta'
12-31-2023 16:33:34 - error: [Assets] ENOENT: no such file or directory, stat '/Users/chenchao/code/person/game-upgradation/game-cocos/game-up/assets/iogame/pb/user.meta'Error: ENOENT: no such file or directory, stat '/Users/chenchao/code/person/game-upgradation/game-cocos/game-up/assets/iogame/pb/user.meta'
12-31-2023 16:33:56 - error: [Assets] ENOENT: no such file or directory, stat '/Users/chenchao/code/person/game-upgradation/game-cocos/game-up/assets/iogame/pb/user.meta'Error: ENOENT: no such file or directory, stat '/Users/chenchao/code/person/game-upgradation/game-cocos/game-up/assets/iogame/pb/user.meta'
12-31-2023 16:34:33 - error: [Assets] ENOENT: no such file or directory, stat '/Users/chenchao/code/person/game-upgradation/game-cocos/game-up/assets/iogame/pb/user.meta'Error: ENOENT: no such file or directory, stat '/Users/chenchao/code/person/game-upgradation/game-cocos/game-up/assets/iogame/pb/user.meta'
12-31-2023 16:37:11 - error: [Assets] ENOENT: no such file or directory, stat '/Users/chenchao/code/person/game-upgradation/game-cocos/game-up/assets/iogame/pb/user.meta'Error: ENOENT: no such file or directory, stat '/Users/chenchao/code/person/game-upgradation/game-cocos/game-up/assets/iogame/pb/user.meta'
12-31-2023 16:39:39 - error: [Assets] ENOENT: no such file or directory, stat '/Users/chenchao/code/person/game-upgradation/game-cocos/game-up/assets/iogame/pb/user.meta'Error: ENOENT: no such file or directory, stat '/Users/chenchao/code/person/game-upgradation/game-cocos/game-up/assets/iogame/pb/user.meta'
12-31-2023 16:40:35 - error: [Assets] ENOENT: no such file or directory, stat '/Users/chenchao/code/person/game-upgradation/game-cocos/game-up/assets/iogame/pb/user.meta'Error: ENOENT: no such file or directory, stat '/Users/chenchao/code/person/game-upgradation/game-cocos/game-up/assets/iogame/pb/user.meta'
